
########################################
# Fit performed on 2018-04-03 16:14:03 #
########################################

###########
# Dataset #
###########

# axis 0: x
# datapoints
-7.919192e+01
-7.757576e+01
-7.595960e+01
-7.434343e+01
-7.272727e+01
-7.111111e+01
-6.949495e+01
-6.787879e+01
-6.626263e+01
-6.464646e+01
-6.303030e+01
-6.141414e+01
-5.979798e+01
-5.818182e+01
-5.656566e+01
-5.494949e+01
-5.333333e+01
-5.171717e+01
-5.010101e+01
-4.848485e+01
-4.686869e+01
-4.525253e+01
-4.363636e+01
-4.202020e+01
-4.040404e+01
-3.878788e+01
-3.717172e+01
-3.555556e+01
-3.393939e+01
-3.232323e+01
-3.070707e+01
-2.909091e+01
-2.747475e+01
-2.585859e+01
-2.424242e+01
-2.262626e+01
-2.101010e+01
-1.939394e+01
-1.777778e+01
-1.616162e+01
-1.454545e+01
-1.292929e+01
-1.131313e+01
-9.696970e+00
-8.080808e+00
-6.464646e+00
-4.848485e+00
-3.232323e+00
-1.616162e+00
0.000000e+00
1.616162e+00
3.232323e+00
4.848485e+00
6.464646e+00
8.080808e+00
9.696970e+00
1.131313e+01
1.292929e+01
1.454545e+01
1.616162e+01
1.777778e+01
1.939394e+01
2.101010e+01
2.262626e+01
2.424242e+01
2.585859e+01
2.747475e+01
2.909091e+01
3.070707e+01
3.232323e+01
3.393939e+01
3.555556e+01
3.717172e+01
3.878788e+01
4.040404e+01
4.202020e+01
4.363636e+01
4.525253e+01
4.686869e+01
4.848485e+01
5.010101e+01
5.171717e+01
5.333333e+01
5.494949e+01
5.656566e+01
5.818182e+01
5.979798e+01
6.141414e+01
6.303030e+01
6.464646e+01
6.626263e+01
6.787879e+01
6.949495e+01
7.111111e+01
7.272727e+01
7.434343e+01
7.595960e+01
7.757576e+01
7.919192e+01

# axis 1: y
# datapoints	uncor. err.
0.000000e+00	6.849678e-14
0.000000e+00	2.438230e-13
0.000000e+00	8.459685e-13
0.000000e+00	2.860941e-12
0.000000e+00	9.430583e-12
1.000000e+00	3.030005e-11
0.000000e+00	9.489061e-11
0.000000e+00	2.896531e-10
0.000000e+00	8.618035e-10
0.000000e+00	2.499271e-09
0.000000e+00	7.064697e-09
1.000000e+00	1.946475e-08
0.000000e+00	5.227321e-08
0.000000e+00	1.368310e-07
0.000000e+00	3.491123e-07
0.000000e+00	8.682020e-07
1.000000e+00	2.104512e-06
0.000000e+00	4.972299e-06
0.000000e+00	1.145086e-05
0.000000e+00	2.570360e-05
1.000000e+00	5.623737e-05
1.000000e+00	1.199309e-04
0.000000e+00	2.492942e-04
1.000000e+00	5.050897e-04
0.000000e+00	9.974699e-04
1.000000e+00	1.920022e-03
1.000000e+00	3.602365e-03
1.000000e+00	6.587859e-03
1.000000e+00	1.174291e-02
1.000000e+00	2.040246e-02
2.000000e+00	3.455130e-02
2.000000e+00	5.703236e-02
1.000000e+00	9.175998e-02
3.000000e+00	1.438999e-01
6.000000e+00	2.199594e-01
2.000000e+00	3.277175e-01
3.000000e+00	4.759178e-01
5.000000e+00	6.736578e-01
2.000000e+00	9.294409e-01
2.000000e+00	1.249912e+00
2.000000e+00	1.638370e+00
4.000000e+00	2.093243e+00
1.000000e+01	2.606768e+00
1.100000e+01	3.164173e+00
1.500000e+01	3.743632e+00
1.600000e+01	4.317190e+00
1.600000e+01	4.852709e+00
3.400000e+01	5.316703e+00
3.400000e+01	5.677742e+00
3.200000e+01	5.909953e+00
3.200000e+01	5.996080e+00
4.300000e+01	5.929607e+00
4.000000e+01	5.715569e+00
2.000000e+01	5.369924e+00
2.000000e+01	4.917585e+00
1.900000e+01	4.389456e+00
1.900000e+01	3.818955e+00
7.000000e+00	3.238572e+00
1.000000e+01	2.676933e+00
4.000000e+00	2.156735e+00
4.000000e+00	1.693678e+00
3.000000e+00	1.296404e+00
0.000000e+00	9.672185e-01
2.000000e+00	7.033703e-01
2.000000e+00	4.985613e-01
3.000000e+00	3.444516e-01
5.000000e+00	2.319599e-01
1.000000e+00	1.522554e-01
0.000000e+00	9.741089e-02
0.000000e+00	6.074596e-02
1.000000e+00	3.692346e-02
0.000000e+00	2.187573e-02
3.000000e+00	1.263274e-02
2.000000e+00	7.110628e-03
1.000000e+00	3.901156e-03
0.000000e+00	2.086189e-03
1.000000e+00	1.087400e-03
1.000000e+00	5.524587e-04
0.000000e+00	2.735807e-04
1.000000e+00	1.320524e-04
0.000000e+00	6.212723e-05
0.000000e+00	2.849003e-05
0.000000e+00	1.273441e-05
0.000000e+00	5.548044e-06
3.000000e+00	2.356004e-06
0.000000e+00	9.751856e-07
1.000000e+00	3.934355e-07
0.000000e+00	1.547159e-07
0.000000e+00	5.930228e-08
0.000000e+00	2.215557e-08
0.000000e+00	8.068068e-09
0.000000e+00	2.863725e-09
0.000000e+00	9.907591e-10
0.000000e+00	3.341026e-10
0.000000e+00	1.098163e-10
1.000000e+00	3.518268e-11
0.000000e+00	1.098667e-11
1.000000e+00	3.344091e-12
0.000000e+00	9.921227e-13


################
# Fit function #
################

gauss(x; mean, sigma, scale) = scale * exp(-(x-mean)^2/(2 * sigma^2))

