
########################################
# Fit performed on 2018-04-03 10:50:44 #
########################################

###########
# Dataset #
###########

# axis 0: x
# datapoints
3.474489e-01
7.044056e-01
4.499040e-01
1.865376e-01
9.738046e-01
7.243527e-01
6.393604e-01
1.605885e-01
2.614526e-01
7.192908e-01
4.852907e-01
4.168661e-01
9.494165e-01
1.666229e-01
7.643385e-01
6.415508e-01
3.793110e-01
3.137901e-01
3.298430e-01
9.399195e-02
4.630881e-01
7.208151e-01
1.589839e-01
3.718557e-01
4.204621e-01
6.775861e-01
8.988970e-01
2.947238e-01
5.918640e-01
7.637210e-02
7.860578e-01
5.247731e-01
2.989860e-01
2.558650e-01
2.342648e-01
2.656251e-01
1.875835e-01
7.361329e-01
3.912771e-01
7.705044e-01
8.327028e-01
6.091290e-01
7.427513e-01
7.192551e-01
2.171331e-01
2.713391e-01
9.531046e-01
4.747840e-01
1.736299e-01
8.087756e-01
2.505077e-01
6.867934e-02
3.215911e-01
6.463798e-01
5.653717e-01
7.225659e-01
7.198813e-01
4.662960e-01
4.499785e-01
2.940148e-01
1.287932e-01
5.579596e-03
6.029885e-01
8.086347e-01
5.578440e-01
7.999514e-01
4.642393e-01
1.805936e-01
8.437848e-01
1.067965e-01
8.010060e-01
1.480466e-01
8.504297e-01
6.652224e-01
9.952916e-01
8.666803e-01
2.436196e-01
5.866492e-01
3.241025e-02
3.690560e-01
7.997809e-01
5.675732e-01
9.297567e-01
8.026728e-01
9.316500e-01
3.852121e-01
7.633810e-01
5.165247e-01
5.487521e-01
1.931418e-01
3.104849e-02
2.529810e-01
9.746179e-01
5.179793e-01
4.142786e-02
9.163710e-01
8.715312e-01
4.897044e-01
6.658920e-01
6.115445e-01

# axis 1: y
# datapoints	uncor. err.
3.755743e-01	6.128425e-01
3.112894e-01	5.579294e-01
3.605425e-01	6.004533e-01
3.920615e-01	6.261469e-01
2.483078e-01	4.982898e-01
3.068851e-01	5.539676e-01
3.251953e-01	5.702571e-01
3.938312e-01	6.275578e-01
3.855373e-01	6.209169e-01
3.080084e-01	5.549808e-01
3.546258e-01	5.955057e-01
3.657420e-01	6.047675e-01
2.541999e-01	5.041685e-01
3.934426e-01	6.272483e-01
2.978858e-01	5.457832e-01
3.247394e-01	5.698572e-01
3.712510e-01	6.093052e-01
3.797771e-01	6.162617e-01
3.778202e-01	6.146721e-01
3.971839e-01	6.302212e-01
3.583791e-01	5.986490e-01
3.076705e-01	5.546762e-01
3.939322e-01	6.276382e-01
3.722920e-01	6.101588e-01
3.651917e-01	6.043124e-01
3.171121e-01	5.631241e-01
2.663494e-01	5.160789e-01
3.819867e-01	6.180516e-01
3.348442e-01	5.786565e-01
3.977805e-01	6.306936e-01
2.929123e-01	5.412070e-01
3.476247e-01	5.895975e-01
3.815037e-01	6.176608e-01
3.860949e-01	6.213657e-01
3.881441e-01	6.230120e-01
3.851136e-01	6.205757e-01
3.919848e-01	6.260857e-01
3.042564e-01	5.515896e-01
3.695433e-01	6.079022e-01
2.964795e-01	5.444932e-01
2.820600e-01	5.310846e-01
3.313906e-01	5.756642e-01
3.027711e-01	5.502413e-01
3.080163e-01	5.549879e-01
3.896478e-01	6.242173e-01
3.845233e-01	6.200999e-01
2.533096e-01	5.032847e-01
3.564189e-01	5.970094e-01
3.929739e-01	6.268747e-01
2.876538e-01	5.363261e-01
3.866190e-01	6.217871e-01
3.980025e-01	6.308692e-01
3.788371e-01	6.154986e-01
3.237311e-01	5.689717e-01
3.400165e-01	5.831091e-01
3.072820e-01	5.543259e-01
3.078776e-01	5.548628e-01
3.578453e-01	5.982029e-01
3.605305e-01	6.004432e-01
3.820664e-01	6.181161e-01
3.956472e-01	6.290020e-01
3.989361e-01	6.316059e-01
3.326261e-01	5.767365e-01
2.876866e-01	5.363566e-01
3.414570e-01	5.843432e-01
2.897028e-01	5.382332e-01
3.581879e-01	5.984892e-01
3.924895e-01	6.264884e-01
2.794519e-01	5.286231e-01
3.966737e-01	6.298167e-01
2.894583e-01	5.380060e-01
3.945942e-01	6.281650e-01
2.778833e-01	5.271371e-01
3.197554e-01	5.654666e-01
2.431100e-01	4.930457e-01
2.740332e-01	5.234718e-01
3.872775e-01	6.223163e-01
3.358747e-01	5.795463e-01
3.987328e-01	6.314462e-01
3.726783e-01	6.104753e-01
2.897423e-01	5.382699e-01
3.395927e-01	5.827456e-01
2.589391e-01	5.088477e-01
2.890717e-01	5.376465e-01
2.584832e-01	5.083994e-01
3.704145e-01	6.086183e-01
2.981037e-01	5.459829e-01
3.491207e-01	5.908650e-01
3.431790e-01	5.858150e-01
3.915702e-01	6.257547e-01
3.987500e-01	6.314598e-01
3.863783e-01	6.215936e-01
2.481111e-01	4.980924e-01
3.488582e-01	5.906428e-01
3.986001e-01	6.313415e-01
2.621584e-01	5.120017e-01
2.728804e-01	5.223692e-01
3.538636e-01	5.948653e-01
3.196129e-01	5.653406e-
########################################
# Fit performed on 2018-04-03 10:53:17 #
########################################

###########
# Dataset #
###########

# axis 0: x
# datapoints
-3.139664e+00
-3.074417e+00
-3.009169e+00
-2.943922e+00
-2.878675e+00
-2.813427e+00
-2.748180e+00
-2.682932e+00
-2.617685e+00
-2.552437e+00
-2.487190e+00
-2.421942e+00
-2.356695e+00
-2.291448e+00
-2.226200e+00
-2.160953e+00
-2.095705e+00
-2.030458e+00
-1.965210e+00
-1.899963e+00
-1.834716e+00
-1.769468e+00
-1.704221e+00
-1.638973e+00
-1.573726e+00
-1.508478e+00
-1.443231e+00
-1.377984e+00
-1.312736e+00
-1.247489e+00
-1.182241e+00
-1.116994e+00
-1.051746e+00
-9.864990e-01
-9.212516e-01
-8.560042e-01
-7.907568e-01
-7.255093e-01
-6.602619e-01
-5.950145e-01
-5.297670e-01
-4.645196e-01
-3.992722e-01
-3.340248e-01
-2.687773e-01
-2.035299e-01
-1.382825e-01
-7.303503e-02
-7.787602e-03
5.745983e-02
1.227073e-01
1.879547e-01
2.532021e-01
3.184495e-01
3.836970e-01
4.489444e-01
5.141918e-01
5.794393e-01
6.446867e-01
7.099341e-01
7.751816e-01
8.404290e-01
9.056764e-01
9.709238e-01
1.036171e+00
1.101419e+00
1.166666e+00
1.231914e+00
1.297161e+00
1.362408e+00
1.427656e+00
1.492903e+00
1.558151e+00
1.623398e+00
1.688646e+00
1.753893e+00
1.819140e+00
1.884388e+00
1.949635e+00
2.014883e+00
2.080130e+00
2.145378e+00
2.210625e+00
2.275872e+00
2.341120e+00
2.406367e+00
2.471615e+00
2.536862e+00
2.602110e+00
2.667357e+00
2.732604e+00
2.797852e+00
2.863099e+00
2.928347e+00
2.993594e+00
3.058842e+00
3.124089e+00
3.189336e+00
3.254584e+00
3.319831e+00

# axis 1: y
# datapoints	uncor. err.
1.000000e+00	6.929865e-01
1.000000e+00	7.633433e-01
0.000000e+00	8.391257e-01
0.000000e+00	9.205473e-01
2.000000e+00	1.007807e+00
0.000000e+00	1.101083e+00
1.000000e+00	1.200536e+00
2.000000e+00	1.306298e+00
1.000000e+00	1.418474e+00
2.000000e+00	1.537136e+00
3.000000e+00	1.662322e+00
0.000000e+00	1.794031e+00
6.000000e+00	1.932222e+00
4.000000e+00	2.076805e+00
1.000000e+00	2.227648e+00
3.000000e+00	2.384567e+00
7.000000e+00	2.547324e+00
9.000000e+00	2.715633e+00
8.000000e+00	2.889148e+00
8.000000e+00	3.067471e+00
1.600000e+01	3.250148e+00
8.000000e+00	3.436670e+00
9.000000e+00	3.626474e+00
1.100000e+01	3.818943e+00
1.300000e+01	4.013412e+00
1.200000e+01	4.209169e+00
2.300000e+01	4.405457e+00
3.000000e+01	4.601479e+00
2.300000e+01	4.796407e+00
2.500000e+01	4.989379e+00
3.800000e+01	5.179514e+00
3.300000e+01	5.365911e+00
2.100000e+01	5.547660e+00
2.800000e+01	5.723850e+00
3.900000e+01	5.893573e+00
4.200000e+01	6.055932e+00
4.200000e+01	6.210054e+00
3.800000e+01	6.355089e+00
3.300000e+01	6.490228e+00
3.200000e+01	6.614701e+00
4.200000e+01	6.727791e+00
6.100000e+01	6.828836e+00
4.600000e+01	6.917241e+00
6.100000e+01	6.992477e+00
5.400000e+01	7.054094e+00
5.100000e+01	7.101717e+00
4.300000e+01	7.135057e+00
5.000000e+01	7.153911e+00
4.700000e+01	7.158164e+00
5.800000e+01	7.147788e+00
4.300000e+01	7.122848e+00
5.600000e+01	7.083496e+00
3.500000e+01	7.029973e+00
4.800000e+01	6.962602e+00
5.400000e+01	6.881792e+00
4.500000e+01	6.788025e+00
4.600000e+01	6.681859e+00
3.800000e+01	6.563918e+00
4.300000e+01	6.434888e+00
4.800000e+01	6.295508e+00
3.900000e+01	6.146567e+00
4.100000e+01	5.988890e+00
3.400000e+01	5.823339e+00
3.200000e+01	5.650799e+00
2.400000e+01	5.472169e+00
2.500000e+01	5.288362e+00
2.700000e+01	5.100290e+00
2.400000e+01	4.908858e+00
2.100000e+01	4.714961e+00
1.900000e+01	4.519472e+00
1.400000e+01	4.323239e+00
1.400000e+01	4.127079e+00
2.000000e+01	3.931772e+00
1.600000e+01	3.738056e+00
1.300000e+01	3.546625e+00
1.900000e+01	3.358124e+00
1.300000e+01	3.173146e+00
8.000000e+00	2.992234e+00
2.000000e+00	2.815872e+00
7.000000e+00	2.644492e+00
8.000000e+00	2.478469e+00
5.000000e+00	2.318125e+00
5.000000e+00	2.163725e+00
2.000000e+00	2.015484e+00
6.000000e+00	1.873565e+00
5.000000e+00	1.738080e+00
1.000000e+00	1.609100e+00
1.000000e+00	1.486648e+00
3.000000e+00	1.370709e+00
1.000000e+00	1.261231e+00
2.000000e+00	1.158125e+00
2.000000e+00	1.061277e+00
0.000000e+00	9.705407e-01
0.000000e+00	8.857492e-01
0.000000e+00	8.067144e-01
0.000000e+00	7.332309e-01
1.000000e+00	6.650798e-01

########################################
# Fit performed on 2018-04-03 10:59:31 #
########################################

###########
# Dataset #
###########

# axis 0: x
# datapoints
-3.822034e+00
-3.749563e+00
-3.677092e+00
-3.604620e+00
-3.532149e+00
-3.459678e+00
-3.387207e+00
-3.314735e+00
-3.242264e+00
-3.169793e+00
-3.097322e+00
-3.024850e+00
-2.952379e+00
-2.879908e+00
-2.807437e+00
-2.734965e+00
-2.662494e+00
-2.590023e+00
-2.517552e+00
-2.445080e+00
-2.372609e+00
-2.300138e+00
-2.227667e+00
-2.155195e+00
-2.082724e+00
-2.010253e+00
-1.937782e+00
-1.865310e+00
-1.792839e+00
-1.720368e+00
-1.647897e+00
-1.575425e+00
-1.502954e+00
-1.430483e+00
-1.358012e+00
-1.285540e+00
-1.213069e+00
-1.140598e+00
-1.068127e+00
-9.956553e-01
-9.231841e-01
-8.507128e-01
-7.782416e-01
-7.057703e-01
-6.332991e-01
-5.608278e-01
-4.883566e-01
-4.158853e-01
-3.434141e-01
-2.709428e-01
-1.984716e-01
-1.260004e-01
-5.352910e-02
1.894215e-02
9.141340e-02
1.638846e-01
2.363559e-01
3.088271e-01
3.812984e-01
4.537696e-01
5.262409e-01
5.987121e-01
6.711834e-01
7.436546e-01
8.161259e-01
8.885971e-01
9.610684e-01
1.033540e+00
1.106011e+00
1.178482e+00
1.250953e+00
1.323425e+00
1.395896e+00
1.468367e+00
1.540838e+00
1.613310e+00
1.685781e+00
1.758252e+00
1.830723e+00
1.903195e+00
1.975666e+00
2.048137e+00
2.120608e+00
2.193080e+00
2.265551e+00
2.338022e+00
2.410493e+00
2.482965e+00
2.555436e+00
2.627907e+00
2.700378e+00
2.772850e+00
2.845321e+00
2.917792e+00
2.990263e+00
3.062735e+00
3.135206e+00
3.207677e+00
3.280148e+00
3.352620e+00

# axis 1: y
# datapoints	uncor. err.
1.000000e+00	2.127760e-01
0.000000e+00	2.432645e-01
0.000000e+00	2.774102e-01
0.000000e+00	3.155395e-01
0.000000e+00	3.579914e-01
0.000000e+00	4.051156e-01
1.000000e+00	4.572703e-01
0.000000e+00	5.148190e-01
0.000000e+00	5.781275e-01
0.000000e+00	6.475605e-01
1.000000e+00	7.234769e-01
0.000000e+00	8.062254e-01
0.000000e+00	8.961401e-01
1.000000e+00	9.935344e-01
2.000000e+00	1.098696e+00
2.000000e+00	1.211880e+00
0.000000e+00	1.333305e+00
5.000000e+00	1.463143e+00
4.000000e+00	1.601517e+00
2.000000e+00	1.748493e+00
1.000000e+00	1.904075e+00
7.000000e+00	2.068195e+00
2.000000e+00	2.240715e+00
9.000000e+00	2.421416e+00
1.200000e+01	2.609995e+00
1.100000e+01	2.806064e+00
1.400000e+01	3.009145e+00
1.300000e+01	3.218667e+00
8.000000e+00	3.433972e+00
1.200000e+01	3.654306e+00
1.100000e+01	3.878829e+00
2.000000e+01	4.106615e+00
1.600000e+01	4.336655e+00
3.000000e+01	4.567865e+00
2.200000e+01	4.799095e+00
2.300000e+01	5.029131e+00
3.400000e+01	5.256711e+00
3.300000e+01	5.480534e+00
3.000000e+01	5.699270e+00
3.000000e+01	5.911574e+00
4.100000e+01	6.116100e+00
3.900000e+01	6.311516e+00
3.700000e+01	6.496513e+00
4.700000e+01	6.669826e+00
4.900000e+01	6.830245e+00
4.100000e+01	6.976629e+00
5.100000e+01	7.107920e+00
5.000000e+01	7.223156e+00
4.900000e+01	7.321483e+00
4.800000e+01	7.402164e+00
5.100000e+01	7.464589e+00
5.800000e+01	7.508284e+00
6.600000e+01	7.532915e+00
5.400000e+01	7.538293e+00
6.300000e+01	7.524376e+00
5.600000e+01	7.491272e+00
5.200000e+01	7.439234e+00
5.200000e+01	7.368659e+00
5.600000e+01	7.280082e+00
5.700000e+01	7.174169e+00
5.900000e+01	7.051712e+00
4.600000e+01	6.913613e+00
5.500000e+01	6.760879e+00
4.800000e+01	6.594606e+00
3.400000e+01	6.415966e+00
3.100000e+01	6.226198e+00
3.100000e+01	6.026585e+00
3.500000e+01	5.818449e+00
2.900000e+01	5.603131e+00
3.700000e+01	5.381977e+00
2.500000e+01	5.156328e+00
2.100000e+01	4.927502e+00
2.700000e+01	4.696784e+00
1.600000e+01	4.465417e+00
1.600000e+01	4.234586e+00
1.000000e+01	4.005415e+00
1.600000e+01	3.778954e+00
1.000000e+01	3.556177e+00
1.400000e+01	3.337971e+00
6.000000e+00	3.125140e+00
5.000000e+00	2.918394e+00
1.000000e+01	2.718353e+00
6.000000e+00	2.525547e+00
4.000000e+00	2.340413e+00
7.000000e+00	2.163302e+00
2.000000e+00	1.994479e+00
2.000000e+00	1.834127e+00
3.000000e+00	1.682352e+00
4.000000e+00	1.539188e+00
4.000000e+00	1.404605e+00
4.000000e+00	1.278511e+00
2.000000e+00	1.160759e+00
1.000000e+00	1.051157e+00
2.000000e+00	9.494681e-01
0.000000e+00	8.554228e-01
2.000000e+00	7.687211e-01
1.000000e+00	6.890400e
########################################
# Fit performed on 2018-04-03 10:59:53 #
########################################

###########
# Dataset #
###########

# axis 0: x
# datapoints
-3.210050e+00
-3.148083e+00
-3.086115e+00
-3.024148e+00
-2.962180e+00
-2.900213e+00
-2.838245e+00
-2.776278e+00
-2.714311e+00
-2.652343e+00
-2.590376e+00
-2.528408e+00
-2.466441e+00
-2.404473e+00
-2.342506e+00
-2.280539e+00
-2.218571e+00
-2.156604e+00
-2.094636e+00
-2.032669e+00
-1.970701e+00
-1.908734e+00
-1.846767e+00
-1.784799e+00
-1.722832e+00
-1.660864e+00
-1.598897e+00
-1.536929e+00
-1.474962e+00
-1.412994e+00
-1.351027e+00
-1.289060e+00
-1.227092e+00
-1.165125e+00
-1.103157e+00
-1.041190e+00
-9.792224e-01
-9.172550e-01
-8.552876e-01
-7.933201e-01
-7.313527e-01
-6.693853e-01
-6.074178e-01
-5.454504e-01
-4.834830e-01
-4.215155e-01
-3.595481e-01
-2.975807e-01
-2.356132e-01
-1.736458e-01
-1.116784e-01
-4.971092e-02
1.225651e-02
7.422395e-02
1.361914e-01
1.981588e-01
2.601262e-01
3.220937e-01
3.840611e-01
4.460285e-01
5.079960e-01
5.699634e-01
6.319309e-01
6.938983e-01
7.558657e-01
8.178332e-01
8.798006e-01
9.417680e-01
1.003735e+00
1.065703e+00
1.127670e+00
1.189638e+00
1.251605e+00
1.313573e+00
1.375540e+00
1.437507e+00
1.499475e+00
1.561442e+00
1.623410e+00
1.685377e+00
1.747345e+00
1.809312e+00
1.871280e+00
1.933247e+00
1.995214e+00
2.057182e+00
2.119149e+00
2.181117e+00
2.243084e+00
2.305052e+00
2.367019e+00
2.428986e+00
2.490954e+00
2.552921e+00
2.614889e+00
2.676856e+00
2.738824e+00
2.800791e+00
2.862758e+00
2.924726e+00

# axis 1: y
# datapoints	uncor. err.
1.000000e+00	6.595297e-01
0.000000e+00	7.218092e-01
1.000000e+00	7.885757e-01
0.000000e+00	8.599979e-01
0.000000e+00	9.362338e-01
0.000000e+00	1.017429e+00
1.000000e+00	1.103715e+00
1.000000e+00	1.195207e+00
2.000000e+00	1.291998e+00
1.000000e+00	1.394163e+00
1.000000e+00	1.501752e+00
3.000000e+00	1.614790e+00
5.000000e+00	1.733272e+00
1.000000e+00	1.857165e+00
5.000000e+00	1.986402e+00
4.000000e+00	2.120883e+00
2.000000e+00	2.260473e+00
8.000000e+00	2.404999e+00
7.000000e+00	2.554250e+00
6.000000e+00	2.707977e+00
3.000000e+00	2.865889e+00
7.000000e+00	3.027658e+00
1.100000e+01	3.192914e+00
9.000000e+00	3.361248e+00
1.400000e+01	3.532214e+00
1.900000e+01	3.705325e+00
1.100000e+01	3.880061e+00
1.800000e+01	4.055868e+00
1.600000e+01	4.232160e+00
1.400000e+01	4.408322e+00
2.000000e+01	4.583714e+00
2.600000e+01	4.757674e+00
2.100000e+01	4.929521e+00
3.000000e+01	5.098564e+00
2.500000e+01	5.264097e+00
2.900000e+01	5.425415e+00
3.900000e+01	5.581809e+00
3.800000e+01	5.732577e+00
3.500000e+01	5.877030e+00
3.300000e+01	6.014490e+00
3.800000e+01	6.144304e+00
5.100000e+01	6.265843e+00
3.600000e+01	6.378512e+00
4.500000e+01	6.481748e+00
5.000000e+01	6.575033e+00
4.000000e+01	6.657891e+00
4.300000e+01	6.729897e+00
4.000000e+01	6.790677e+00
4.700000e+01	6.839915e+00
4.200000e+01	6.877354e+00
4.700000e+01	6.902795e+00
4.200000e+01	6.916104e+00
4.800000e+01	6.917211e+00
4.000000e+01	6.906111e+00
5.200000e+01	6.882862e+00
5.400000e+01	6.847586e+00
3.500000e+01	6.800470e+00
5.200000e+01	6.741760e+00
5.700000e+01	6.671764e+00
4.500000e+01	6.590843e+00
3.800000e+01	6.499415e+00
3.300000e+01	6.397946e+00
4.100000e+01	6.286947e+00
4.000000e+01	6.166973e+00
3.400000e+01	6.038613e+00
3.400000e+01	5.902492e+00
3.200000e+01	5.759258e+00
3.600000e+01	5.609583e+00
3.100000e+01	5.454158e+00
2.500000e+01	5.293680e+00
2.800000e+01	5.128859e+00
3.200000e+01	4.960400e+00
1.900000e+01	4.789009e+00
2.200000e+01	4.615381e+00
2.400000e+01	4.440199e+00
2.200000e+01	4.264129e+00
1.200000e+01	4.087815e+00
1.300000e+01	3.911875e+00
1.300000e+01	3.736903e+00
1.200000e+01	3.563457e+00
1.200000e+01	3.392066e+00
9.000000e+00	3.223220e+00
1.300000e+01	3.057374e+00
7.000000e+00	2.894944e+00
7.000000e+00	2.736307e+00
5.000000e+00	2.581799e+00
6.000000e+00	2.431716e+00
5.000000e+00	2.286317e+00
3.000000e+00	2.145818e+00
2.000000e+00	2.010400e+00
3.000000e+00	1.880203e+00
2.000000e+00	1.755336e+00
2.000000e+00	1.635869e+00
1.000000e+00	1.521843e+00
2.000000e+00	1.413267e+00
4.000000e+00	1.310121e+00
2.000000e+00	1.212360e+
########################################
# Fit performed on 2018-04-03 10:47:13 #
########################################

###########
# Dataset #
###########

# axis 0: x
# datapoints
0.000000e+00
1.000000e+00
2.000000e+00

# axis 1: y
# datapoints	uncor. err.
1.230000e+00	1.108431e+00
3.450000e+00	1.858301e+00
5.620000e+00	2.370266e+00


################
# Fit function #
################

gauss(x; mean, sigma, scale) = scale * exp(-(x-mean)^2/(2 * sigma^2))

##############
# Fit result #
##############

# value        error   correlations
# mean
2.3954e+00  3.44e+00  
# sigma
1.3556e+00  1.81e+00  +0.971  
# scale
5.8629e+00  5.29e+00  +0.897  +0.805  
!!! uncertainties from MINOS:
# mean
      5.05e+01 + -1.04e+00
# sigma
      1.81e+00 + -1.81e+00
# scale
      5.27e+00 + -5.27e+00


########################
# Final fit parameters #
########################

mean = 2.4 +- 3.4
sigma = 1.4 +- 1.8
scale = 5.9 +- 5.3

###############
# Fit details #
###############

# WARNING: Number of degrees of freedom is zero!
# Please review parameterization...

Attention: use uncertainties from MINOS

USING    iminuit
01
3.309024e-01	5.752400e-01


################
# Fit function #
################

gauss(x; mean, sigma, scale) = scale * exp(-(x-mean)^2/(2 * sigma^2))

##############
# Fit result #
##############

# value        error   correlations
# mean
2.7413e-05  2.45e+00  
# sigma
9.9998e-01  2.43e+00  -0.966  
# scale
3.9894e-01  2.12e-01  -0.878  +0.756  
!!! uncertainties from MINOS:
# mean
      2.48e+00 + -2.48e+00
# sigma
      2.46e+00 + -2.46e+00
# scale
      2.13e-01 + -9.87e-02


########################
# Final fit parameters #
########################

mean = 0 +- 2.5
sigma = 1 +- 2.4
scale = 0.4 +- 0.21

###############
# Fit details #
###############

Attention: use uncertainties from MINOS

USING    iminuit
FCN/ndf  1.69e-10/97 = 1.74e-12
EdM      1.62195e-10
UP       1
STA      Error matrix accurate

chi2prob 1.0
HYPTEST  accepted (sig. 5%)

0.000000e+00	6.020308e-01
0.000000e+00	5.438456e-01
2.000000e+00	4.902804e-01


################
# Fit function #
################

gauss(x; mean, sigma, scale) = scale * exp(-(x-mean)^2/(2 * sigma^2))

##############
# Fit result #
##############

# value        error   correlations
# mean
-7.5055e-03  2.30e-02  
# sigma
1.0117e+00  1.69e-02  +0.004  
# scale
5.1525e+01  1.42e+00  -0.015  -0.587  

########################
# Final fit parameters #
########################

mean = -0.008 +- 0.023
sigma = 1.012 +- 0.017
scale = 51.5 +- 1.4

###############
# Fit details #
###############

USING    iminuit
FCN/ndf  105/97 = 1.09
EdM      3.12646e-10
UP       1
STA      Error matrix accurate

chi2prob 0.264
HYPTEST  accepted (sig. 5%)

-01
0.000000e+00	6.160381e-01
0.000000e+00	5.493616e-01
1.000000e+00	4.886485e-01


################
# Fit function #
################

gauss(x; mean, sigma, scale) = scale * exp(-(x-mean)^2/(2 * sigma^2))

##############
# Fit result #
##############

# value        error   correlations
# mean
-9.7040e-03  2.27e-02  
# sigma
1.0336e+00  1.65e-02  +0.044  
# scale
5.5976e+01  1.55e+00  -0.015  -0.596  

########################
# Final fit parameters #
########################

mean = -0.01 +- 0.023
sigma = 1.034 +- 0.017
scale = 56 +- 1.6

###############
# Fit details #
###############

USING    iminuit
FCN/ndf  105/97 = 1.09
EdM      4.51342e-08
UP       1
STA      Error matrix accurate

chi2prob 0.264
HYPTEST  accepted (sig. 5%)


########################################
# Fit performed on 2018-04-03 11:01:19 #
########################################

00
0.000000e+00	1.119915e+00
0.000000e+00	1.032693e+00
3.000000e+00	9.505837e-01


################
# Fit function #
################

gauss(x; mean, sigma, scale) = scale * exp(-(x-mean)^2/(2 * sigma^2))

##############
# Fit result #
##############

# value        error   correlations
# mean
-7.0886e-03  2.36e-02  
# sigma
1.0228e+00  1.77e-02  +0.028  
# scale
4.8467e+01  1.34e+00  -0.019  -0.588  

########################
# Final fit parameters #
########################

mean = -0.007 +- 0.024
sigma = 1.023 +- 0.018
scale = 48.5 +- 1.3

###############
# Fit details #
###############

USING    iminuit
FCN/ndf  68.7/97 = 0.708
EdM      6.98745e-07
UP       1
STA      Error matrix accurate

chi2prob 0.987
HYPTEST  accepted (sig. 5%)


########################################
# Fit performed on 2018-04-03 11:01:21 #
########################################


########################################
# Fit performed on 2018-04-03 11:01:25 #
########################################


########################################
# Fit performed on 2018-04-03 11:25:45 #
########################################

