
########################################
# Fit performed on 2018-04-03 10:53:17 #
########################################

###########
# Dataset #
###########

# axis 0: x
# datapoints
-3.139664e+00
-3.074417e+00
-3.009169e+00
-2.943922e+00
-2.878675e+00
-2.813427e+00
-2.748180e+00
-2.682932e+00
-2.617685e+00
-2.552437e+00
-2.487190e+00
-2.421942e+00
-2.356695e+00
-2.291448e+00
-2.226200e+00
-2.160953e+00
-2.095705e+00
-2.030458e+00
-1.965210e+00
-1.899963e+00
-1.834716e+00
-1.769468e+00
-1.704221e+00
-1.638973e+00
-1.573726e+00
-1.508478e+00
-1.443231e+00
-1.377984e+00
-1.312736e+00
-1.247489e+00
-1.182241e+00
-1.116994e+00
-1.051746e+00
-9.864990e-01
-9.212516e-01
-8.560042e-01
-7.907568e-01
-7.255093e-01
-6.602619e-01
-5.950145e-01
-5.297670e-01
-4.645196e-01
-3.992722e-01
-3.340248e-01
-2.687773e-01
-2.035299e-01
-1.382825e-01
-7.303503e-02
-7.787602e-03
5.745983e-02
1.227073e-01
1.879547e-01
2.532021e-01
3.184495e-01
3.836970e-01
4.489444e-01
5.141918e-01
5.794393e-01
6.446867e-01
7.099341e-01
7.751816e-01
8.404290e-01
9.056764e-01
9.709238e-01
1.036171e+00
1.101419e+00
1.166666e+00
1.231914e+00
1.297161e+00
1.362408e+00
1.427656e+00
1.492903e+00
1.558151e+00
1.623398e+00
1.688646e+00
1.753893e+00
1.819140e+00
1.884388e+00
1.949635e+00
2.014883e+00
2.080130e+00
2.145378e+00
2.210625e+00
2.275872e+00
2.341120e+00
2.406367e+00
2.471615e+00
2.536862e+00
2.602110e+00
2.667357e+00
2.732604e+00
2.797852e+00
2.863099e+00
2.928347e+00
2.993594e+00
3.058842e+00
3.124089e+00
3.189336e+00
3.254584e+00
3.319831e+00

# axis 1: y
# datapoints	uncor. err.
1.000000e+00	6.929865e-01
1.000000e+00	7.633433e-01
0.000000e+00	8.391257e-01
0.000000e+00	9.205473e-01
2.000000e+00	1.007807e+00
0.000000e+00	1.101083e+00
1.000000e+00	1.200536e+00
2.000000e+00	1.306298e+00
1.000000e+00	1.418474e+00
2.000000e+00	1.537136e+00
3.000000e+00	1.662322e+00
0.000000e+00	1.794031e+00
6.000000e+00	1.932222e+00
4.000000e+00	2.076805e+00
1.000000e+00	2.227648e+00
3.000000e+00	2.384567e+00
7.000000e+00	2.547324e+00
9.000000e+00	2.715633e+00
8.000000e+00	2.889148e+00
8.000000e+00	3.067471e+00
1.600000e+01	3.250148e+00
8.000000e+00	3.436670e+00
9.000000e+00	3.626474e+00
1.100000e+01	3.818943e+00
1.300000e+01	4.013412e+00
1.200000e+01	4.209169e+00
2.300000e+01	4.405457e+00
3.000000e+01	4.601479e+00
2.300000e+01	4.796407e+00
2.500000e+01	4.989379e+00
3.800000e+01	5.179514e+00
3.300000e+01	5.365911e+00
2.100000e+01	5.547660e+00
2.800000e+01	5.723850e+00
3.900000e+01	5.893573e+00
4.200000e+01	6.055932e+00
4.200000e+01	6.210054e+00
3.800000e+01	6.355089e+00
3.300000e+01	6.490228e+00
3.200000e+01	6.614701e+00
4.200000e+01	6.727791e+00
6.100000e+01	6.828836e+00
4.600000e+01	6.917241e+00
6.100000e+01	6.992477e+00
5.400000e+01	7.054094e+00
5.100000e+01	7.101717e+00
4.300000e+01	7.135057e+00
5.000000e+01	7.153911e+00
4.700000e+01	7.158164e+00
5.800000e+01	7.147788e+00
4.300000e+01	7.122848e+00
5.600000e+01	7.083496e+00
3.500000e+01	7.029973e+00
4.800000e+01	6.962602e+00
5.400000e+01	6.881792e+00
4.500000e+01	6.788025e+00
4.600000e+01	6.681859e+00
3.800000e+01	6.563918e+00
4.300000e+01	6.434888e+00
4.800000e+01	6.295508e+00
3.900000e+01	6.146567e+00
4.100000e+01	5.988890e+00
3.400000e+01	5.823339e+00
3.200000e+01	5.650799e+00
2.400000e+01	5.472169e+00
2.500000e+01	5.288362e+00
2.700000e+01	5.100290e+00
2.400000e+01	4.908858e+00
2.100000e+01	4.714961e+00
1.900000e+01	4.519472e+00
1.400000e+01	4.323239e+00
1.400000e+01	4.127079e+00
2.000000e+01	3.931772e+00
1.600000e+01	3.738056e+00
1.300000e+01	3.546625e+00
1.900000e+01	3.358124e+00
1.300000e+01	3.173146e+00
8.000000e+00	2.992234e+00
2.000000e+00	2.815872e+00
7.000000e+00	2.644492e+00
8.000000e+00	2.478469e+00
5.000000e+00	2.318125e+00
5.000000e+00	2.163725e+00
2.000000e+00	2.015484e+00
6.000000e+00	1.873565e+00
5.000000e+00	1.738080e+00
1.000000e+00	1.609100e+00
1.000000e+00	1.486648e+00
3.000000e+00	1.370709e+00
1.000000e+00	1.261231e+00
2.000000e+00	1.158125e+00
2.000000e+00	1.061277e+00
0.000000e+00	9.705407e-01
0.000000e+00	8.857492e-01
0.000000e+00	8.067144e-01
0.000000e+00	7.332309e-01
1.000000e+00	6.650798e-01
0.000000e+00	6.020308e-01
0.000000e+00	5.438456e-01
2.000000e+00	4.902804e-01


################
# Fit function #
################

gauss(x; mean, sigma, scale) = scale * exp(-(x-mean)^2/(2 * sigma^2))

##############
# Fit result #
##############

# value        error   correlations
# mean
-7.5055e-03  2.30e-02  
# sigma
1.0117e+00  1.69e-02  +0.004  
# scale
5.1525e+01  1.42e+00  -0.015  -0.587  

########################
# Final fit parameters #
########################

mean = -0.008 +- 0.023
sigma = 1.012 +- 0.017
scale = 51.5 +- 1.4

###############
# Fit details #
###############

USING    iminuit
FCN/ndf  105/97 = 1.09
EdM      3.12646e-10
UP       1
STA      Error matrix accurate

chi2prob 0.264
HYPTEST  accepted (sig. 5%)

