
########################################
# Fit performed on 2018-04-03 10:59:31 #
########################################

###########
# Dataset #
###########

# axis 0: x
# datapoints
-3.822034e+00
-3.749563e+00
-3.677092e+00
-3.604620e+00
-3.532149e+00
-3.459678e+00
-3.387207e+00
-3.314735e+00
-3.242264e+00
-3.169793e+00
-3.097322e+00
-3.024850e+00
-2.952379e+00
-2.879908e+00
-2.807437e+00
-2.734965e+00
-2.662494e+00
-2.590023e+00
-2.517552e+00
-2.445080e+00
-2.372609e+00
-2.300138e+00
-2.227667e+00
-2.155195e+00
-2.082724e+00
-2.010253e+00
-1.937782e+00
-1.865310e+00
-1.792839e+00
-1.720368e+00
-1.647897e+00
-1.575425e+00
-1.502954e+00
-1.430483e+00
-1.358012e+00
-1.285540e+00
-1.213069e+00
-1.140598e+00
-1.068127e+00
-9.956553e-01
-9.231841e-01
-8.507128e-01
-7.782416e-01
-7.057703e-01
-6.332991e-01
-5.608278e-01
-4.883566e-01
-4.158853e-01
-3.434141e-01
-2.709428e-01
-1.984716e-01
-1.260004e-01
-5.352910e-02
1.894215e-02
9.141340e-02
1.638846e-01
2.363559e-01
3.088271e-01
3.812984e-01
4.537696e-01
5.262409e-01
5.987121e-01
6.711834e-01
7.436546e-01
8.161259e-01
8.885971e-01
9.610684e-01
1.033540e+00
1.106011e+00
1.178482e+00
1.250953e+00
1.323425e+00
1.395896e+00
1.468367e+00
1.540838e+00
1.613310e+00
1.685781e+00
1.758252e+00
1.830723e+00
1.903195e+00
1.975666e+00
2.048137e+00
2.120608e+00
2.193080e+00
2.265551e+00
2.338022e+00
2.410493e+00
2.482965e+00
2.555436e+00
2.627907e+00
2.700378e+00
2.772850e+00
2.845321e+00
2.917792e+00
2.990263e+00
3.062735e+00
3.135206e+00
3.207677e+00
3.280148e+00
3.352620e+00

# axis 1: y
# datapoints	uncor. err.
1.000000e+00	2.127760e-01
0.000000e+00	2.432645e-01
0.000000e+00	2.774102e-01
0.000000e+00	3.155395e-01
0.000000e+00	3.579914e-01
0.000000e+00	4.051156e-01
1.000000e+00	4.572703e-01
0.000000e+00	5.148190e-01
0.000000e+00	5.781275e-01
0.000000e+00	6.475605e-01
1.000000e+00	7.234769e-01
0.000000e+00	8.062254e-01
0.000000e+00	8.961401e-01
1.000000e+00	9.935344e-01
2.000000e+00	1.098696e+00
2.000000e+00	1.211880e+00
0.000000e+00	1.333305e+00
5.000000e+00	1.463143e+00
4.000000e+00	1.601517e+00
2.000000e+00	1.748493e+00
1.000000e+00	1.904075e+00
7.000000e+00	2.068195e+00
2.000000e+00	2.240715e+00
9.000000e+00	2.421416e+00
1.200000e+01	2.609995e+00
1.100000e+01	2.806064e+00
1.400000e+01	3.009145e+00
1.300000e+01	3.218667e+00
8.000000e+00	3.433972e+00
1.200000e+01	3.654306e+00
1.100000e+01	3.878829e+00
2.000000e+01	4.106615e+00
1.600000e+01	4.336655e+00
3.000000e+01	4.567865e+00
2.200000e+01	4.799095e+00
2.300000e+01	5.029131e+00
3.400000e+01	5.256711e+00
3.300000e+01	5.480534e+00
3.000000e+01	5.699270e+00
3.000000e+01	5.911574e+00
4.100000e+01	6.116100e+00
3.900000e+01	6.311516e+00
3.700000e+01	6.496513e+00
4.700000e+01	6.669826e+00
4.900000e+01	6.830245e+00
4.100000e+01	6.976629e+00
5.100000e+01	7.107920e+00
5.000000e+01	7.223156e+00
4.900000e+01	7.321483e+00
4.800000e+01	7.402164e+00
5.100000e+01	7.464589e+00
5.800000e+01	7.508284e+00
6.600000e+01	7.532915e+00
5.400000e+01	7.538293e+00
6.300000e+01	7.524376e+00
5.600000e+01	7.491272e+00
5.200000e+01	7.439234e+00
5.200000e+01	7.368659e+00
5.600000e+01	7.280082e+00
5.700000e+01	7.174169e+00
5.900000e+01	7.051712e+00
4.600000e+01	6.913613e+00
5.500000e+01	6.760879e+00
4.800000e+01	6.594606e+00
3.400000e+01	6.415966e+00
3.100000e+01	6.226198e+00
3.100000e+01	6.026585e+00
3.500000e+01	5.818449e+00
2.900000e+01	5.603131e+00
3.700000e+01	5.381977e+00
2.500000e+01	5.156328e+00
2.100000e+01	4.927502e+00
2.700000e+01	4.696784e+00
1.600000e+01	4.465417e+00
1.600000e+01	4.234586e+00
1.000000e+01	4.005415e+00
1.600000e+01	3.778954e+00
1.000000e+01	3.556177e+00
1.400000e+01	3.337971e+00
6.000000e+00	3.125140e+00
5.000000e+00	2.918394e+00
1.000000e+01	2.718353e+00
6.000000e+00	2.525547e+00
4.000000e+00	2.340413e+00
7.000000e+00	2.163302e+00
2.000000e+00	1.994479e+00
2.000000e+00	1.834127e+00
3.000000e+00	1.682352e+00
4.000000e+00	1.539188e+00
4.000000e+00	1.404605e+00
4.000000e+00	1.278511e+00
2.000000e+00	1.160759e+00
1.000000e+00	1.051157e+00
2.000000e+00	9.494681e-01
0.000000e+00	8.554228e-01
2.000000e+00	7.687211e-01
1.000000e+00	6.890400e-01
0.000000e+00	6.160381e-01
0.000000e+00	5.493616e-01
1.000000e+00	4.886485e-01


################
# Fit function #
################

gauss(x; mean, sigma, scale) = scale * exp(-(x-mean)^2/(2 * sigma^2))

##############
# Fit result #
##############

# value        error   correlations
# mean
-9.7040e-03  2.27e-02  
# sigma
1.0336e+00  1.65e-02  +0.044  
# scale
5.5976e+01  1.55e+00  -0.015  -0.596  

########################
# Final fit parameters #
########################

mean = -0.01 +- 0.023
sigma = 1.034 +- 0.017
scale = 56 +- 1.6

###############
# Fit details #
###############

USING    iminuit
FCN/ndf  105/97 = 1.09
EdM      4.51342e-08
UP       1
STA      Error matrix accurate

chi2prob 0.264
HYPTEST  accepted (sig. 5%)

