
########################################
# Fit performed on 2018-04-03 10:59:53 #
########################################

###########
# Dataset #
###########

# axis 0: x
# datapoints
-3.210050e+00
-3.148083e+00
-3.086115e+00
-3.024148e+00
-2.962180e+00
-2.900213e+00
-2.838245e+00
-2.776278e+00
-2.714311e+00
-2.652343e+00
-2.590376e+00
-2.528408e+00
-2.466441e+00
-2.404473e+00
-2.342506e+00
-2.280539e+00
-2.218571e+00
-2.156604e+00
-2.094636e+00
-2.032669e+00
-1.970701e+00
-1.908734e+00
-1.846767e+00
-1.784799e+00
-1.722832e+00
-1.660864e+00
-1.598897e+00
-1.536929e+00
-1.474962e+00
-1.412994e+00
-1.351027e+00
-1.289060e+00
-1.227092e+00
-1.165125e+00
-1.103157e+00
-1.041190e+00
-9.792224e-01
-9.172550e-01
-8.552876e-01
-7.933201e-01
-7.313527e-01
-6.693853e-01
-6.074178e-01
-5.454504e-01
-4.834830e-01
-4.215155e-01
-3.595481e-01
-2.975807e-01
-2.356132e-01
-1.736458e-01
-1.116784e-01
-4.971092e-02
1.225651e-02
7.422395e-02
1.361914e-01
1.981588e-01
2.601262e-01
3.220937e-01
3.840611e-01
4.460285e-01
5.079960e-01
5.699634e-01
6.319309e-01
6.938983e-01
7.558657e-01
8.178332e-01
8.798006e-01
9.417680e-01
1.003735e+00
1.065703e+00
1.127670e+00
1.189638e+00
1.251605e+00
1.313573e+00
1.375540e+00
1.437507e+00
1.499475e+00
1.561442e+00
1.623410e+00
1.685377e+00
1.747345e+00
1.809312e+00
1.871280e+00
1.933247e+00
1.995214e+00
2.057182e+00
2.119149e+00
2.181117e+00
2.243084e+00
2.305052e+00
2.367019e+00
2.428986e+00
2.490954e+00
2.552921e+00
2.614889e+00
2.676856e+00
2.738824e+00
2.800791e+00
2.862758e+00
2.924726e+00

# axis 1: y
# datapoints	uncor. err.
1.000000e+00	6.595297e-01
0.000000e+00	7.218092e-01
1.000000e+00	7.885757e-01
0.000000e+00	8.599979e-01
0.000000e+00	9.362338e-01
0.000000e+00	1.017429e+00
1.000000e+00	1.103715e+00
1.000000e+00	1.195207e+00
2.000000e+00	1.291998e+00
1.000000e+00	1.394163e+00
1.000000e+00	1.501752e+00
3.000000e+00	1.614790e+00
5.000000e+00	1.733272e+00
1.000000e+00	1.857165e+00
5.000000e+00	1.986402e+00
4.000000e+00	2.120883e+00
2.000000e+00	2.260473e+00
8.000000e+00	2.404999e+00
7.000000e+00	2.554250e+00
6.000000e+00	2.707977e+00
3.000000e+00	2.865889e+00
7.000000e+00	3.027658e+00
1.100000e+01	3.192914e+00
9.000000e+00	3.361248e+00
1.400000e+01	3.532214e+00
1.900000e+01	3.705325e+00
1.100000e+01	3.880061e+00
1.800000e+01	4.055868e+00
1.600000e+01	4.232160e+00
1.400000e+01	4.408322e+00
2.000000e+01	4.583714e+00
2.600000e+01	4.757674e+00
2.100000e+01	4.929521e+00
3.000000e+01	5.098564e+00
2.500000e+01	5.264097e+00
2.900000e+01	5.425415e+00
3.900000e+01	5.581809e+00
3.800000e+01	5.732577e+00
3.500000e+01	5.877030e+00
3.300000e+01	6.014490e+00
3.800000e+01	6.144304e+00
5.100000e+01	6.265843e+00
3.600000e+01	6.378512e+00
4.500000e+01	6.481748e+00
5.000000e+01	6.575033e+00
4.000000e+01	6.657891e+00
4.300000e+01	6.729897e+00
4.000000e+01	6.790677e+00
4.700000e+01	6.839915e+00
4.200000e+01	6.877354e+00
4.700000e+01	6.902795e+00
4.200000e+01	6.916104e+00
4.800000e+01	6.917211e+00
4.000000e+01	6.906111e+00
5.200000e+01	6.882862e+00
5.400000e+01	6.847586e+00
3.500000e+01	6.800470e+00
5.200000e+01	6.741760e+00
5.700000e+01	6.671764e+00
4.500000e+01	6.590843e+00
3.800000e+01	6.499415e+00
3.300000e+01	6.397946e+00
4.100000e+01	6.286947e+00
4.000000e+01	6.166973e+00
3.400000e+01	6.038613e+00
3.400000e+01	5.902492e+00
3.200000e+01	5.759258e+00
3.600000e+01	5.609583e+00
3.100000e+01	5.454158e+00
2.500000e+01	5.293680e+00
2.800000e+01	5.128859e+00
3.200000e+01	4.960400e+00
1.900000e+01	4.789009e+00
2.200000e+01	4.615381e+00
2.400000e+01	4.440199e+00
2.200000e+01	4.264129e+00
1.200000e+01	4.087815e+00
1.300000e+01	3.911875e+00
1.300000e+01	3.736903e+00
1.200000e+01	3.563457e+00
1.200000e+01	3.392066e+00
9.000000e+00	3.223220e+00
1.300000e+01	3.057374e+00
7.000000e+00	2.894944e+00
7.000000e+00	2.736307e+00
5.000000e+00	2.581799e+00
6.000000e+00	2.431716e+00
5.000000e+00	2.286317e+00
3.000000e+00	2.145818e+00
2.000000e+00	2.010400e+00
3.000000e+00	1.880203e+00
2.000000e+00	1.755336e+00
2.000000e+00	1.635869e+00
1.000000e+00	1.521843e+00
2.000000e+00	1.413267e+00
4.000000e+00	1.310121e+00
2.000000e+00	1.212360e+