
########################################
# Fit performed on 2018-04-03 10:50:44 #
########################################

###########
# Dataset #
###########

# axis 0: x
# datapoints
3.474489e-01
7.044056e-01
4.499040e-01
1.865376e-01
9.738046e-01
7.243527e-01
6.393604e-01
1.605885e-01
2.614526e-01
7.192908e-01
4.852907e-01
4.168661e-01
9.494165e-01
1.666229e-01
7.643385e-01
6.415508e-01
3.793110e-01
3.137901e-01
3.298430e-01
9.399195e-02
4.630881e-01
7.208151e-01
1.589839e-01
3.718557e-01
4.204621e-01
6.775861e-01
8.988970e-01
2.947238e-01
5.918640e-01
7.637210e-02
7.860578e-01
5.247731e-01
2.989860e-01
2.558650e-01
2.342648e-01
2.656251e-01
1.875835e-01
7.361329e-01
3.912771e-01
7.705044e-01
8.327028e-01
6.091290e-01
7.427513e-01
7.192551e-01
2.171331e-01
2.713391e-01
9.531046e-01
4.747840e-01
1.736299e-01
8.087756e-01
2.505077e-01
6.867934e-02
3.215911e-01
6.463798e-01
5.653717e-01
7.225659e-01
7.198813e-01
4.662960e-01
4.499785e-01
2.940148e-01
1.287932e-01
5.579596e-03
6.029885e-01
8.086347e-01
5.578440e-01
7.999514e-01
4.642393e-01
1.805936e-01
8.437848e-01
1.067965e-01
8.010060e-01
1.480466e-01
8.504297e-01
6.652224e-01
9.952916e-01
8.666803e-01
2.436196e-01
5.866492e-01
3.241025e-02
3.690560e-01
7.997809e-01
5.675732e-01
9.297567e-01
8.026728e-01
9.316500e-01
3.852121e-01
7.633810e-01
5.165247e-01
5.487521e-01
1.931418e-01
3.104849e-02
2.529810e-01
9.746179e-01
5.179793e-01
4.142786e-02
9.163710e-01
8.715312e-01
4.897044e-01
6.658920e-01
6.115445e-01

# axis 1: y
# datapoints	uncor. err.
3.755743e-01	6.128425e-01
3.112894e-01	5.579294e-01
3.605425e-01	6.004533e-01
3.920615e-01	6.261469e-01
2.483078e-01	4.982898e-01
3.068851e-01	5.539676e-01
3.251953e-01	5.702571e-01
3.938312e-01	6.275578e-01
3.855373e-01	6.209169e-01
3.080084e-01	5.549808e-01
3.546258e-01	5.955057e-01
3.657420e-01	6.047675e-01
2.541999e-01	5.041685e-01
3.934426e-01	6.272483e-01
2.978858e-01	5.457832e-01
3.247394e-01	5.698572e-01
3.712510e-01	6.093052e-01
3.797771e-01	6.162617e-01
3.778202e-01	6.146721e-01
3.971839e-01	6.302212e-01
3.583791e-01	5.986490e-01
3.076705e-01	5.546762e-01
3.939322e-01	6.276382e-01
3.722920e-01	6.101588e-01
3.651917e-01	6.043124e-01
3.171121e-01	5.631241e-01
2.663494e-01	5.160789e-01
3.819867e-01	6.180516e-01
3.348442e-01	5.786565e-01
3.977805e-01	6.306936e-01
2.929123e-01	5.412070e-01
3.476247e-01	5.895975e-01
3.815037e-01	6.176608e-01
3.860949e-01	6.213657e-01
3.881441e-01	6.230120e-01
3.851136e-01	6.205757e-01
3.919848e-01	6.260857e-01
3.042564e-01	5.515896e-01
3.695433e-01	6.079022e-01
2.964795e-01	5.444932e-01
2.820600e-01	5.310846e-01
3.313906e-01	5.756642e-01
3.027711e-01	5.502413e-01
3.080163e-01	5.549879e-01
3.896478e-01	6.242173e-01
3.845233e-01	6.200999e-01
2.533096e-01	5.032847e-01
3.564189e-01	5.970094e-01
3.929739e-01	6.268747e-01
2.876538e-01	5.363261e-01
3.866190e-01	6.217871e-01
3.980025e-01	6.308692e-01
3.788371e-01	6.154986e-01
3.237311e-01	5.689717e-01
3.400165e-01	5.831091e-01
3.072820e-01	5.543259e-01
3.078776e-01	5.548628e-01
3.578453e-01	5.982029e-01
3.605305e-01	6.004432e-01
3.820664e-01	6.181161e-01
3.956472e-01	6.290020e-01
3.989361e-01	6.316059e-01
3.326261e-01	5.767365e-01
2.876866e-01	5.363566e-01
3.414570e-01	5.843432e-01
2.897028e-01	5.382332e-01
3.581879e-01	5.984892e-01
3.924895e-01	6.264884e-01
2.794519e-01	5.286231e-01
3.966737e-01	6.298167e-01
2.894583e-01	5.380060e-01
3.945942e-01	6.281650e-01
2.778833e-01	5.271371e-01
3.197554e-01	5.654666e-01
2.431100e-01	4.930457e-01
2.740332e-01	5.234718e-01
3.872775e-01	6.223163e-01
3.358747e-01	5.795463e-01
3.987328e-01	6.314462e-01
3.726783e-01	6.104753e-01
2.897423e-01	5.382699e-01
3.395927e-01	5.827456e-01
2.589391e-01	5.088477e-01
2.890717e-01	5.376465e-01
2.584832e-01	5.083994e-01
3.704145e-01	6.086183e-01
2.981037e-01	5.459829e-01
3.491207e-01	5.908650e-01
3.431790e-01	5.858150e-01
3.915702e-01	6.257547e-01
3.987500e-01	6.314598e-01
3.863783e-01	6.215936e-01
2.481111e-01	4.980924e-01
3.488582e-01	5.906428e-01
3.986001e-01	6.313415e-01
2.621584e-01	5.120017e-01
2.728804e-01	5.223692e-01
3.538636e-01	5.948653e-01
3.196129e-01	5.653406e-